<?xml version="1.0" encoding="UTF-8"?>
<!-- Generated by org.testng.reporters.JUnitReportReporter -->
<testsuite hostname="Govardhan-PC" name="Pack16TestNG.AnnotationsTestNG" tests="2" failures="0" timestamp="6 Aug 2020 17:14:51 GMT" time="0.013" errors="0">
  <testcase name="test3" time="0.003" classname="Pack16TestNG.AnnotationsTestNG"/>
  <testcase name="test1" time="0.010" classname="Pack16TestNG.AnnotationsTestNG"/>
</testsuite> <!-- Pack16TestNG.AnnotationsTestNG -->
